  Torti.cpp
D:\8voSemestre\Graficacion\Proyectos gl\EjercicioTortuga\EjercicioTortuga\Torti.cpp(5,28): warning C4305: 'argumento': truncamiento de 'double' a 'GLfloat'
D:\8voSemestre\Graficacion\Proyectos gl\EjercicioTortuga\EjercicioTortuga\Torti.cpp(11,28): warning C4305: 'argumento': truncamiento de 'double' a 'GLfloat'
D:\8voSemestre\Graficacion\Proyectos gl\EjercicioTortuga\EjercicioTortuga\Torti.cpp(14,17): warning C4244: 'argumento': conversión de 'double' a 'GLint'; posible pérdida de datos
D:\8voSemestre\Graficacion\Proyectos gl\EjercicioTortuga\EjercicioTortuga\Torti.cpp(17,28): warning C4305: 'argumento': truncamiento de 'double' a 'GLfloat'
D:\8voSemestre\Graficacion\Proyectos gl\EjercicioTortuga\EjercicioTortuga\Torti.cpp(19,17): warning C4244: 'argumento': conversión de 'double' a 'GLint'; posible pérdida de datos
D:\8voSemestre\Graficacion\Proyectos gl\EjercicioTortuga\EjercicioTortuga\Torti.cpp(23,28): warning C4305: 'argumento': truncamiento de 'double' a 'GLfloat'
D:\8voSemestre\Graficacion\Proyectos gl\EjercicioTortuga\EjercicioTortuga\Torti.cpp(29,28): warning C4305: 'argumento': truncamiento de 'double' a 'GLfloat'
D:\8voSemestre\Graficacion\Proyectos gl\EjercicioTortuga\EjercicioTortuga\Torti.cpp(31,17): warning C4244: 'argumento': conversión de 'double' a 'GLint'; posible pérdida de datos
D:\8voSemestre\Graficacion\Proyectos gl\EjercicioTortuga\EjercicioTortuga\Torti.cpp(36,28): warning C4305: 'argumento': truncamiento de 'double' a 'GLfloat'
D:\8voSemestre\Graficacion\Proyectos gl\EjercicioTortuga\EjercicioTortuga\Torti.cpp(43,28): warning C4305: 'argumento': truncamiento de 'double' a 'GLfloat'
D:\8voSemestre\Graficacion\Proyectos gl\EjercicioTortuga\EjercicioTortuga\Torti.cpp(50,28): warning C4305: 'argumento': truncamiento de 'double' a 'GLfloat'
D:\8voSemestre\Graficacion\Proyectos gl\EjercicioTortuga\EjercicioTortuga\Torti.cpp(56,28): warning C4305: 'argumento': truncamiento de 'double' a 'GLfloat'
D:\8voSemestre\Graficacion\Proyectos gl\EjercicioTortuga\EjercicioTortuga\Torti.cpp(63,28): warning C4305: 'argumento': truncamiento de 'double' a 'GLfloat'
D:\8voSemestre\Graficacion\Proyectos gl\EjercicioTortuga\EjercicioTortuga\Torti.cpp(69,28): warning C4305: 'argumento': truncamiento de 'double' a 'GLfloat'
D:\8voSemestre\Graficacion\Proyectos gl\EjercicioTortuga\EjercicioTortuga\Torti.cpp(75,28): warning C4305: 'argumento': truncamiento de 'double' a 'GLfloat'
D:\8voSemestre\Graficacion\Proyectos gl\EjercicioTortuga\EjercicioTortuga\Torti.cpp(81,28): warning C4305: 'argumento': truncamiento de 'double' a 'GLfloat'
D:\8voSemestre\Graficacion\Proyectos gl\EjercicioTortuga\EjercicioTortuga\Torti.cpp(88,28): warning C4305: 'argumento': truncamiento de 'double' a 'GLfloat'
D:\8voSemestre\Graficacion\Proyectos gl\EjercicioTortuga\EjercicioTortuga\Torti.cpp(94,28): warning C4305: 'argumento': truncamiento de 'double' a 'GLfloat'
D:\8voSemestre\Graficacion\Proyectos gl\EjercicioTortuga\EjercicioTortuga\Torti.cpp(100,28): warning C4305: 'argumento': truncamiento de 'double' a 'GLfloat'
D:\8voSemestre\Graficacion\Proyectos gl\EjercicioTortuga\EjercicioTortuga\Torti.cpp(106,28): warning C4305: 'argumento': truncamiento de 'double' a 'GLfloat'
D:\8voSemestre\Graficacion\Proyectos gl\EjercicioTortuga\EjercicioTortuga\Torti.cpp(113,28): warning C4305: 'argumento': truncamiento de 'double' a 'GLfloat'
D:\8voSemestre\Graficacion\Proyectos gl\EjercicioTortuga\EjercicioTortuga\Torti.cpp(120,28): warning C4305: 'argumento': truncamiento de 'double' a 'GLfloat'
D:\8voSemestre\Graficacion\Proyectos gl\EjercicioTortuga\EjercicioTortuga\Torti.cpp(127,28): warning C4305: 'argumento': truncamiento de 'double' a 'GLfloat'
D:\8voSemestre\Graficacion\Proyectos gl\EjercicioTortuga\EjercicioTortuga\Torti.cpp(133,28): warning C4305: 'argumento': truncamiento de 'double' a 'GLfloat'
D:\8voSemestre\Graficacion\Proyectos gl\EjercicioTortuga\EjercicioTortuga\Torti.cpp(139,28): warning C4305: 'argumento': truncamiento de 'double' a 'GLfloat'
D:\8voSemestre\Graficacion\Proyectos gl\EjercicioTortuga\EjercicioTortuga\Torti.cpp(145,28): warning C4305: 'argumento': truncamiento de 'double' a 'GLfloat'
D:\8voSemestre\Graficacion\Proyectos gl\EjercicioTortuga\EjercicioTortuga\Torti.cpp(151,28): warning C4305: 'argumento': truncamiento de 'double' a 'GLfloat'
D:\8voSemestre\Graficacion\Proyectos gl\EjercicioTortuga\EjercicioTortuga\Torti.cpp(157,28): warning C4305: 'argumento': truncamiento de 'double' a 'GLfloat'
D:\8voSemestre\Graficacion\Proyectos gl\EjercicioTortuga\EjercicioTortuga\Torti.cpp(163,28): warning C4305: 'argumento': truncamiento de 'double' a 'GLfloat'
D:\8voSemestre\Graficacion\Proyectos gl\EjercicioTortuga\EjercicioTortuga\Torti.cpp(169,28): warning C4305: 'argumento': truncamiento de 'double' a 'GLfloat'
D:\8voSemestre\Graficacion\Proyectos gl\EjercicioTortuga\EjercicioTortuga\Torti.cpp(175,28): warning C4305: 'argumento': truncamiento de 'double' a 'GLfloat'
D:\8voSemestre\Graficacion\Proyectos gl\EjercicioTortuga\EjercicioTortuga\Torti.cpp(181,28): warning C4305: 'argumento': truncamiento de 'double' a 'GLfloat'
D:\8voSemestre\Graficacion\Proyectos gl\EjercicioTortuga\EjercicioTortuga\Torti.cpp(187,28): warning C4305: 'argumento': truncamiento de 'double' a 'GLfloat'
D:\8voSemestre\Graficacion\Proyectos gl\EjercicioTortuga\EjercicioTortuga\Torti.cpp(193,28): warning C4305: 'argumento': truncamiento de 'double' a 'GLfloat'
D:\8voSemestre\Graficacion\Proyectos gl\EjercicioTortuga\EjercicioTortuga\Torti.cpp(200,28): warning C4305: 'argumento': truncamiento de 'double' a 'GLfloat'
D:\8voSemestre\Graficacion\Proyectos gl\EjercicioTortuga\EjercicioTortuga\Torti.cpp(207,28): warning C4305: 'argumento': truncamiento de 'double' a 'GLfloat'
D:\8voSemestre\Graficacion\Proyectos gl\EjercicioTortuga\EjercicioTortuga\Torti.cpp(213,28): warning C4305: 'argumento': truncamiento de 'double' a 'GLfloat'
D:\8voSemestre\Graficacion\Proyectos gl\EjercicioTortuga\EjercicioTortuga\Torti.cpp(219,28): warning C4305: 'argumento': truncamiento de 'double' a 'GLfloat'
D:\8voSemestre\Graficacion\Proyectos gl\EjercicioTortuga\EjercicioTortuga\Torti.cpp(225,28): warning C4305: 'argumento': truncamiento de 'double' a 'GLfloat'
D:\8voSemestre\Graficacion\Proyectos gl\EjercicioTortuga\EjercicioTortuga\Torti.cpp(233,28): warning C4305: 'argumento': truncamiento de 'double' a 'GLfloat'
D:\8voSemestre\Graficacion\Proyectos gl\EjercicioTortuga\EjercicioTortuga\Torti.cpp(240,28): warning C4305: 'argumento': truncamiento de 'double' a 'GLfloat'
D:\8voSemestre\Graficacion\Proyectos gl\EjercicioTortuga\EjercicioTortuga\Torti.cpp(246,28): warning C4305: 'argumento': truncamiento de 'double' a 'GLfloat'
D:\8voSemestre\Graficacion\Proyectos gl\EjercicioTortuga\EjercicioTortuga\Torti.cpp(253,28): warning C4305: 'argumento': truncamiento de 'double' a 'GLfloat'
D:\8voSemestre\Graficacion\Proyectos gl\EjercicioTortuga\EjercicioTortuga\Torti.cpp(259,28): warning C4305: 'argumento': truncamiento de 'double' a 'GLfloat'
D:\8voSemestre\Graficacion\Proyectos gl\EjercicioTortuga\EjercicioTortuga\Torti.cpp(265,28): warning C4305: 'argumento': truncamiento de 'double' a 'GLfloat'
D:\8voSemestre\Graficacion\Proyectos gl\EjercicioTortuga\EjercicioTortuga\Torti.cpp(271,28): warning C4305: 'argumento': truncamiento de 'double' a 'GLfloat'
D:\8voSemestre\Graficacion\Proyectos gl\EjercicioTortuga\EjercicioTortuga\Torti.cpp(277,28): warning C4305: 'argumento': truncamiento de 'double' a 'GLfloat'
D:\8voSemestre\Graficacion\Proyectos gl\EjercicioTortuga\EjercicioTortuga\Torti.cpp(283,28): warning C4305: 'argumento': truncamiento de 'double' a 'GLfloat'
D:\8voSemestre\Graficacion\Proyectos gl\EjercicioTortuga\EjercicioTortuga\Torti.cpp(289,28): warning C4305: 'argumento': truncamiento de 'double' a 'GLfloat'
D:\8voSemestre\Graficacion\Proyectos gl\EjercicioTortuga\EjercicioTortuga\Torti.cpp(295,28): warning C4305: 'argumento': truncamiento de 'double' a 'GLfloat'
D:\8voSemestre\Graficacion\Proyectos gl\EjercicioTortuga\EjercicioTortuga\Torti.cpp(301,28): warning C4305: 'argumento': truncamiento de 'double' a 'GLfloat'
D:\8voSemestre\Graficacion\Proyectos gl\EjercicioTortuga\EjercicioTortuga\Torti.cpp(307,28): warning C4305: 'argumento': truncamiento de 'double' a 'GLfloat'
D:\8voSemestre\Graficacion\Proyectos gl\EjercicioTortuga\EjercicioTortuga\Torti.cpp(316,34): warning C4305: 'argumento': truncamiento de 'double' a 'GLclampf'
D:\8voSemestre\Graficacion\Proyectos gl\EjercicioTortuga\EjercicioTortuga\Torti.cpp(317,28): warning C4305: 'argumento': truncamiento de 'double' a 'GLfloat'
  EjercicioTortuga.vcxproj -> D:\8voSemestre\Graficacion\Proyectos gl\EjercicioTortuga\x64\Debug\EjercicioTortuga.exe
